<?xml version="1.0" encoding="UTF-8"?>
<testsuite xmlns:xsi="http://www.w3.org/2001/XMLSchema-instance" xsi:noNamespaceSchemaLocation="https://maven.apache.org/surefire/maven-surefire-plugin/xsd/surefire-test-report.xsd" name="com.example.javachatbot.JavaChatbotApplicationTests" time="2.939" tests="1" errors="0" skipped="0" failures="0">
  <properties>
    <property name="sun.desktop" value="windows"/>
    <property name="awt.toolkit" value="sun.awt.windows.WToolkit"/>
    <property name="file.encoding.pkg" value="sun.io"/>
    <property name="java.specification.version" value="1.8"/>
    <property name="sun.cpu.isalist" value="amd64"/>
    <property name="sun.jnu.encoding" value="GBK"/>
    <property name="java.class.path" value="E:\code\java\openai\target\test-classes;E:\code\java\openai\target\classes;E:\java\rope\org\apache\httpcomponents\httpclient\4.5.13\httpclient-4.5.13.jar;E:\java\rope\org\apache\httpcomponents\httpcore\4.4.16\httpcore-4.4.16.jar;E:\java\rope\commons-codec\commons-codec\1.15\commons-codec-1.15.jar;E:\java\rope\org\springframework\boot\spring-boot-starter-web\2.7.8\spring-boot-starter-web-2.7.8.jar;E:\java\rope\org\springframework\boot\spring-boot-starter\2.7.8\spring-boot-starter-2.7.8.jar;E:\java\rope\org\springframework\boot\spring-boot\2.7.8\spring-boot-2.7.8.jar;E:\java\rope\org\springframework\boot\spring-boot-autoconfigure\2.7.8\spring-boot-autoconfigure-2.7.8.jar;E:\java\rope\org\springframework\boot\spring-boot-starter-logging\2.7.8\spring-boot-starter-logging-2.7.8.jar;E:\java\rope\ch\qos\logback\logback-classic\1.2.11\logback-classic-1.2.11.jar;E:\java\rope\ch\qos\logback\logback-core\1.2.11\logback-core-1.2.11.jar;E:\java\rope\org\apache\logging\log4j\log4j-to-slf4j\2.17.2\log4j-to-slf4j-2.17.2.jar;E:\java\rope\org\apache\logging\log4j\log4j-api\2.17.2\log4j-api-2.17.2.jar;E:\java\rope\org\slf4j\jul-to-slf4j\1.7.36\jul-to-slf4j-1.7.36.jar;E:\java\rope\jakarta\annotation\jakarta.annotation-api\1.3.5\jakarta.annotation-api-1.3.5.jar;E:\java\rope\org\yaml\snakeyaml\1.30\snakeyaml-1.30.jar;E:\java\rope\org\springframework\boot\spring-boot-starter-json\2.7.8\spring-boot-starter-json-2.7.8.jar;E:\java\rope\com\fasterxml\jackson\core\jackson-databind\2.13.4.2\jackson-databind-2.13.4.2.jar;E:\java\rope\com\fasterxml\jackson\core\jackson-annotations\2.13.4\jackson-annotations-2.13.4.jar;E:\java\rope\com\fasterxml\jackson\core\jackson-core\2.13.4\jackson-core-2.13.4.jar;E:\java\rope\com\fasterxml\jackson\datatype\jackson-datatype-jdk8\2.13.4\jackson-datatype-jdk8-2.13.4.jar;E:\java\rope\com\fasterxml\jackson\datatype\jackson-datatype-jsr310\2.13.4\jackson-datatype-jsr310-2.13.4.jar;E:\java\rope\com\fasterxml\jackson\module\jackson-module-parameter-names\2.13.4\jackson-module-parameter-names-2.13.4.jar;E:\java\rope\org\springframework\boot\spring-boot-starter-tomcat\2.7.8\spring-boot-starter-tomcat-2.7.8.jar;E:\java\rope\org\apache\tomcat\embed\tomcat-embed-core\9.0.71\tomcat-embed-core-9.0.71.jar;E:\java\rope\org\apache\tomcat\embed\tomcat-embed-el\9.0.71\tomcat-embed-el-9.0.71.jar;E:\java\rope\org\apache\tomcat\embed\tomcat-embed-websocket\9.0.71\tomcat-embed-websocket-9.0.71.jar;E:\java\rope\org\springframework\spring-web\5.3.25\spring-web-5.3.25.jar;E:\java\rope\org\springframework\spring-beans\5.3.25\spring-beans-5.3.25.jar;E:\java\rope\org\springframework\spring-webmvc\5.3.25\spring-webmvc-5.3.25.jar;E:\java\rope\org\springframework\spring-aop\5.3.25\spring-aop-5.3.25.jar;E:\java\rope\org\springframework\spring-context\5.3.25\spring-context-5.3.25.jar;E:\java\rope\org\springframework\spring-expression\5.3.25\spring-expression-5.3.25.jar;E:\java\rope\org\projectlombok\lombok\1.18.24\lombok-1.18.24.jar;E:\java\rope\org\springframework\boot\spring-boot-starter-test\2.7.8\spring-boot-starter-test-2.7.8.jar;E:\java\rope\org\springframework\boot\spring-boot-test\2.7.8\spring-boot-test-2.7.8.jar;E:\java\rope\org\springframework\boot\spring-boot-test-autoconfigure\2.7.8\spring-boot-test-autoconfigure-2.7.8.jar;E:\java\rope\com\jayway\jsonpath\json-path\2.7.0\json-path-2.7.0.jar;E:\java\rope\net\minidev\json-smart\2.4.8\json-smart-2.4.8.jar;E:\java\rope\net\minidev\accessors-smart\2.4.8\accessors-smart-2.4.8.jar;E:\java\rope\org\ow2\asm\asm\9.1\asm-9.1.jar;E:\java\rope\org\slf4j\slf4j-api\1.7.36\slf4j-api-1.7.36.jar;E:\java\rope\jakarta\xml\bind\jakarta.xml.bind-api\2.3.3\jakarta.xml.bind-api-2.3.3.jar;E:\java\rope\jakarta\activation\jakarta.activation-api\1.2.2\jakarta.activation-api-1.2.2.jar;E:\java\rope\org\assertj\assertj-core\3.22.0\assertj-core-3.22.0.jar;E:\java\rope\org\hamcrest\hamcrest\2.2\hamcrest-2.2.jar;E:\java\rope\org\junit\jupiter\junit-jupiter\5.8.2\junit-jupiter-5.8.2.jar;E:\java\rope\org\junit\jupiter\junit-jupiter-api\5.8.2\junit-jupiter-api-5.8.2.jar;E:\java\rope\org\opentest4j\opentest4j\1.2.0\opentest4j-1.2.0.jar;E:\java\rope\org\junit\platform\junit-platform-commons\1.8.2\junit-platform-commons-1.8.2.jar;E:\java\rope\org\apiguardian\apiguardian-api\1.1.2\apiguardian-api-1.1.2.jar;E:\java\rope\org\junit\jupiter\junit-jupiter-params\5.8.2\junit-jupiter-params-5.8.2.jar;E:\java\rope\org\junit\jupiter\junit-jupiter-engine\5.8.2\junit-jupiter-engine-5.8.2.jar;E:\java\rope\org\junit\platform\junit-platform-engine\1.8.2\junit-platform-engine-1.8.2.jar;E:\java\rope\org\mockito\mockito-core\4.5.1\mockito-core-4.5.1.jar;E:\java\rope\net\bytebuddy\byte-buddy\1.12.22\byte-buddy-1.12.22.jar;E:\java\rope\net\bytebuddy\byte-buddy-agent\1.12.22\byte-buddy-agent-1.12.22.jar;E:\java\rope\org\objenesis\objenesis\3.2\objenesis-3.2.jar;E:\java\rope\org\mockito\mockito-junit-jupiter\4.5.1\mockito-junit-jupiter-4.5.1.jar;E:\java\rope\org\skyscreamer\jsonassert\1.5.1\jsonassert-1.5.1.jar;E:\java\rope\com\vaadin\external\google\android-json\0.0.20131108.vaadin1\android-json-0.0.20131108.vaadin1.jar;E:\java\rope\org\springframework\spring-core\5.3.25\spring-core-5.3.25.jar;E:\java\rope\org\springframework\spring-jcl\5.3.25\spring-jcl-5.3.25.jar;E:\java\rope\org\springframework\spring-test\5.3.25\spring-test-5.3.25.jar;E:\java\rope\org\xmlunit\xmlunit-core\2.9.1\xmlunit-core-2.9.1.jar;"/>
    <property name="java.vm.vendor" value="Oracle Corporation"/>
    <property name="sun.arch.data.model" value="64"/>
    <property name="user.variant" value=""/>
    <property name="java.vendor.url" value="http://java.oracle.com/"/>
    <property name="user.timezone" value="Asia/Shanghai"/>
    <property name="java.vm.specification.version" value="1.8"/>
    <property name="os.name" value="Windows 10"/>
    <property name="user.country" value="CN"/>
    <property name="sun.java.launcher" value="SUN_STANDARD"/>
    <property name="sun.boot.library.path" value="C:\Program Files\Java\jdk1.8.0_171\jre\bin"/>
    <property name="sun.java.command" value="C:\Users\jwx\AppData\Local\Temp\surefire6144452215564364542\surefirebooter1714345807403515759.jar C:\Users\jwx\AppData\Local\Temp\surefire6144452215564364542 2023-02-14T15-35-16_233-jvmRun1 surefire6305868528948789311tmp surefire_07599147247054317410tmp"/>
    <property name="surefire.test.class.path" value="E:\code\java\openai\target\test-classes;E:\code\java\openai\target\classes;E:\java\rope\org\apache\httpcomponents\httpclient\4.5.13\httpclient-4.5.13.jar;E:\java\rope\org\apache\httpcomponents\httpcore\4.4.16\httpcore-4.4.16.jar;E:\java\rope\commons-codec\commons-codec\1.15\commons-codec-1.15.jar;E:\java\rope\org\springframework\boot\spring-boot-starter-web\2.7.8\spring-boot-starter-web-2.7.8.jar;E:\java\rope\org\springframework\boot\spring-boot-starter\2.7.8\spring-boot-starter-2.7.8.jar;E:\java\rope\org\springframework\boot\spring-boot\2.7.8\spring-boot-2.7.8.jar;E:\java\rope\org\springframework\boot\spring-boot-autoconfigure\2.7.8\spring-boot-autoconfigure-2.7.8.jar;E:\java\rope\org\springframework\boot\spring-boot-starter-logging\2.7.8\spring-boot-starter-logging-2.7.8.jar;E:\java\rope\ch\qos\logback\logback-classic\1.2.11\logback-classic-1.2.11.jar;E:\java\rope\ch\qos\logback\logback-core\1.2.11\logback-core-1.2.11.jar;E:\java\rope\org\apache\logging\log4j\log4j-to-slf4j\2.17.2\log4j-to-slf4j-2.17.2.jar;E:\java\rope\org\apache\logging\log4j\log4j-api\2.17.2\log4j-api-2.17.2.jar;E:\java\rope\org\slf4j\jul-to-slf4j\1.7.36\jul-to-slf4j-1.7.36.jar;E:\java\rope\jakarta\annotation\jakarta.annotation-api\1.3.5\jakarta.annotation-api-1.3.5.jar;E:\java\rope\org\yaml\snakeyaml\1.30\snakeyaml-1.30.jar;E:\java\rope\org\springframework\boot\spring-boot-starter-json\2.7.8\spring-boot-starter-json-2.7.8.jar;E:\java\rope\com\fasterxml\jackson\core\jackson-databind\2.13.4.2\jackson-databind-2.13.4.2.jar;E:\java\rope\com\fasterxml\jackson\core\jackson-annotations\2.13.4\jackson-annotations-2.13.4.jar;E:\java\rope\com\fasterxml\jackson\core\jackson-core\2.13.4\jackson-core-2.13.4.jar;E:\java\rope\com\fasterxml\jackson\datatype\jackson-datatype-jdk8\2.13.4\jackson-datatype-jdk8-2.13.4.jar;E:\java\rope\com\fasterxml\jackson\datatype\jackson-datatype-jsr310\2.13.4\jackson-datatype-jsr310-2.13.4.jar;E:\java\rope\com\fasterxml\jackson\module\jackson-module-parameter-names\2.13.4\jackson-module-parameter-names-2.13.4.jar;E:\java\rope\org\springframework\boot\spring-boot-starter-tomcat\2.7.8\spring-boot-starter-tomcat-2.7.8.jar;E:\java\rope\org\apache\tomcat\embed\tomcat-embed-core\9.0.71\tomcat-embed-core-9.0.71.jar;E:\java\rope\org\apache\tomcat\embed\tomcat-embed-el\9.0.71\tomcat-embed-el-9.0.71.jar;E:\java\rope\org\apache\tomcat\embed\tomcat-embed-websocket\9.0.71\tomcat-embed-websocket-9.0.71.jar;E:\java\rope\org\springframework\spring-web\5.3.25\spring-web-5.3.25.jar;E:\java\rope\org\springframework\spring-beans\5.3.25\spring-beans-5.3.25.jar;E:\java\rope\org\springframework\spring-webmvc\5.3.25\spring-webmvc-5.3.25.jar;E:\java\rope\org\springframework\spring-aop\5.3.25\spring-aop-5.3.25.jar;E:\java\rope\org\springframework\spring-context\5.3.25\spring-context-5.3.25.jar;E:\java\rope\org\springframework\spring-expression\5.3.25\spring-expression-5.3.25.jar;E:\java\rope\org\projectlombok\lombok\1.18.24\lombok-1.18.24.jar;E:\java\rope\org\springframework\boot\spring-boot-starter-test\2.7.8\spring-boot-starter-test-2.7.8.jar;E:\java\rope\org\springframework\boot\spring-boot-test\2.7.8\spring-boot-test-2.7.8.jar;E:\java\rope\org\springframework\boot\spring-boot-test-autoconfigure\2.7.8\spring-boot-test-autoconfigure-2.7.8.jar;E:\java\rope\com\jayway\jsonpath\json-path\2.7.0\json-path-2.7.0.jar;E:\java\rope\net\minidev\json-smart\2.4.8\json-smart-2.4.8.jar;E:\java\rope\net\minidev\accessors-smart\2.4.8\accessors-smart-2.4.8.jar;E:\java\rope\org\ow2\asm\asm\9.1\asm-9.1.jar;E:\java\rope\org\slf4j\slf4j-api\1.7.36\slf4j-api-1.7.36.jar;E:\java\rope\jakarta\xml\bind\jakarta.xml.bind-api\2.3.3\jakarta.xml.bind-api-2.3.3.jar;E:\java\rope\jakarta\activation\jakarta.activation-api\1.2.2\jakarta.activation-api-1.2.2.jar;E:\java\rope\org\assertj\assertj-core\3.22.0\assertj-core-3.22.0.jar;E:\java\rope\org\hamcrest\hamcrest\2.2\hamcrest-2.2.jar;E:\java\rope\org\junit\jupiter\junit-jupiter\5.8.2\junit-jupiter-5.8.2.jar;E:\java\rope\org\junit\jupiter\junit-jupiter-api\5.8.2\junit-jupiter-api-5.8.2.jar;E:\java\rope\org\opentest4j\opentest4j\1.2.0\opentest4j-1.2.0.jar;E:\java\rope\org\junit\platform\junit-platform-commons\1.8.2\junit-platform-commons-1.8.2.jar;E:\java\rope\org\apiguardian\apiguardian-api\1.1.2\apiguardian-api-1.1.2.jar;E:\java\rope\org\junit\jupiter\junit-jupiter-params\5.8.2\junit-jupiter-params-5.8.2.jar;E:\java\rope\org\junit\jupiter\junit-jupiter-engine\5.8.2\junit-jupiter-engine-5.8.2.jar;E:\java\rope\org\junit\platform\junit-platform-engine\1.8.2\junit-platform-engine-1.8.2.jar;E:\java\rope\org\mockito\mockito-core\4.5.1\mockito-core-4.5.1.jar;E:\java\rope\net\bytebuddy\byte-buddy\1.12.22\byte-buddy-1.12.22.jar;E:\java\rope\net\bytebuddy\byte-buddy-agent\1.12.22\byte-buddy-agent-1.12.22.jar;E:\java\rope\org\objenesis\objenesis\3.2\objenesis-3.2.jar;E:\java\rope\org\mockito\mockito-junit-jupiter\4.5.1\mockito-junit-jupiter-4.5.1.jar;E:\java\rope\org\skyscreamer\jsonassert\1.5.1\jsonassert-1.5.1.jar;E:\java\rope\com\vaadin\external\google\android-json\0.0.20131108.vaadin1\android-json-0.0.20131108.vaadin1.jar;E:\java\rope\org\springframework\spring-core\5.3.25\spring-core-5.3.25.jar;E:\java\rope\org\springframework\spring-jcl\5.3.25\spring-jcl-5.3.25.jar;E:\java\rope\org\springframework\spring-test\5.3.25\spring-test-5.3.25.jar;E:\java\rope\org\xmlunit\xmlunit-core\2.9.1\xmlunit-core-2.9.1.jar;"/>
    <property name="sun.cpu.endian" value="little"/>
    <property name="user.home" value="C:\Users\jwx"/>
    <property name="user.language" value="zh"/>
    <property name="java.specification.vendor" value="Oracle Corporation"/>
    <property name="java.home" value="C:\Program Files\Java\jdk1.8.0_171\jre"/>
    <property name="basedir" value="E:\code\java\openai"/>
    <property name="file.separator" value="\"/>
    <property name="line.separator" value="&#10;"/>
    <property name="java.vm.specification.vendor" value="Oracle Corporation"/>
    <property name="java.specification.name" value="Java Platform API Specification"/>
    <property name="java.awt.graphicsenv" value="sun.awt.Win32GraphicsEnvironment"/>
    <property name="surefire.real.class.path" value="C:\Users\jwx\AppData\Local\Temp\surefire6144452215564364542\surefirebooter1714345807403515759.jar"/>
    <property name="sun.boot.class.path" value="C:\Program Files\Java\jdk1.8.0_171\jre\lib\resources.jar;C:\Program Files\Java\jdk1.8.0_171\jre\lib\rt.jar;C:\Program Files\Java\jdk1.8.0_171\jre\lib\sunrsasign.jar;C:\Program Files\Java\jdk1.8.0_171\jre\lib\jsse.jar;C:\Program Files\Java\jdk1.8.0_171\jre\lib\jce.jar;C:\Program Files\Java\jdk1.8.0_171\jre\lib\charsets.jar;C:\Program Files\Java\jdk1.8.0_171\jre\lib\jfr.jar;C:\Program Files\Java\jdk1.8.0_171\jre\classes"/>
    <property name="user.script" value=""/>
    <property name="sun.management.compiler" value="HotSpot 64-Bit Tiered Compilers"/>
    <property name="java.runtime.version" value="1.8.0_171-b11"/>
    <property name="user.name" value="jwx"/>
    <property name="path.separator" value=";"/>
    <property name="os.version" value="10.0"/>
    <property name="java.endorsed.dirs" value="C:\Program Files\Java\jdk1.8.0_171\jre\lib\endorsed"/>
    <property name="java.runtime.name" value="Java(TM) SE Runtime Environment"/>
    <property name="file.encoding" value="GBK"/>
    <property name="java.vm.name" value="Java HotSpot(TM) 64-Bit Server VM"/>
    <property name="localRepository" value="E:\java\rope"/>
    <property name="java.vendor.url.bug" value="http://bugreport.sun.com/bugreport/"/>
    <property name="java.io.tmpdir" value="C:\Users\jwx\AppData\Local\Temp\"/>
    <property name="idea.version" value="2021.2.3"/>
    <property name="java.version" value="1.8.0_171"/>
    <property name="user.dir" value="E:\code\java\openai"/>
    <property name="os.arch" value="amd64"/>
    <property name="java.vm.specification.name" value="Java Virtual Machine Specification"/>
    <property name="java.awt.printerjob" value="sun.awt.windows.WPrinterJob"/>
    <property name="sun.os.patch.level" value=""/>
    <property name="java.library.path" value="C:\Program Files\Java\jdk1.8.0_171\jre\bin;C:\WINDOWS\Sun\Java\bin;C:\WINDOWS\system32;C:\WINDOWS;C:\Program Files (x86)\Common Files\Oracle\Java\javapath;C:\Python27;c:\Go\bin;E:\AndroidWorkSpace\flutter\bin;C:\Program Files\Java\jdk1.8.0_171\bin;C:\Program Files\Java\jdk1.8.0_171\jre\bin;D:\Androidtools\AndroidSDK\platform-tools;C:\Program Files (x86)\Intel\iCLS Client\;C:\Program Files\Intel\iCLS Client\;C:\Windows\system32;C:\Windows;C:\Windows\System32\Wbem;C:\Windows\System32\WindowsPowerShell\v1.0\;C:\Program Files (x86)\Intel\Intel(R) Management Engine Components\DAL;C:\Program Files\Intel\Intel(R) Management Engine Components\DAL;C:\Program Files (x86)\Intel\Intel(R) Management Engine Components\IPT;C:\Program Files\Intel\Intel(R) Management Engine Components\IPT;C:\Program Files (x86)\NVIDIA Corporation\PhysX\Common;C:\WINDOWS\system32;C:\WINDOWS;C:\WINDOWS\System32\Wbem;C:\WINDOWS\System32\WindowsPowerShell\v1.0\;C:\WINDOWS\System32\OpenSSH\;C:\Python27\Scripts;E:\mgcode\.repo\repo;E:\Program Files\Python;D:\flutter\bin;E:\Program Files\Python\Scripts;E:\file\git\Git\cmd;E:\file\node\;%C:\Users\jwx\AppData\Local\Programs\Python%;C:\Program Files\dotnet\;C:\Program Files\NVIDIA Corporation\NVIDIA NvDLISR;C:\Program Files\Go\bin;E:\download\phantomjs-2.1.1-windows\phantomjs-2.1.1-windows\bin;C:\Program Files\Docker\Docker\resources\bin;E:\java\apache-maven-3.6.1\apache-maven-3.6.1\bin;C:\Users\jwx\AppData\Local\Programs\Python\Python38\Scripts\;C:\Users\jwx\AppData\Local\Programs\Python\Python38\;E:\AndroidWorkSpace\cocos-2d\cocos2d-x-3\templates;E:\AndroidWorkSpace\cocos-2d\cocos2d-x-3\tools\cocos2d-console\bin;C:\Users\jwx\AppData\Local\Microsoft\WindowsApps;D:\Androidtools\GoLand 2018.3.2\bin;E:\file\node\node_global;E:\file\vscode\Microsoft VS Code\bin;C:\Users\jwx\go\bin;."/>
    <property name="java.vm.info" value="mixed mode"/>
    <property name="java.vendor" value="Oracle Corporation"/>
    <property name="java.vm.version" value="25.171-b11"/>
    <property name="java.ext.dirs" value="C:\Program Files\Java\jdk1.8.0_171\jre\lib\ext;C:\WINDOWS\Sun\Java\lib\ext"/>
    <property name="sun.io.unicode.encoding" value="UnicodeLittle"/>
    <property name="maven.repo.local" value="E:\java\rope"/>
    <property name="java.class.version" value="52.0"/>
  </properties>
  <testcase name="contextLoads" classname="com.example.javachatbot.JavaChatbotApplicationTests" time="0.275"/>
</testsuite>